<?xml version="1.0" encoding="UTF-8"?>
<testsuite name="com.alim.guidebook.ExampleUnitTest" tests="1" skipped="0" failures="0" errors="0" timestamp="2019-05-13T08:50:19" hostname="ACER-SWIFT-3" time="0.0">
  <properties/>
  <testcase name="addition_isCorrect" classname="com.alim.guidebook.ExampleUnitTest" time="0.0"/>
  <system-out><![CDATA[]]></system-out>
  <system-err><![CDATA[]]></system-err>
</testsuite>
